2024-05-04T07:59:16.976+05:30  INFO 10372 --- [April2024] [main] c.e.april2024.April2024Application       : Starting April2024Application using Java 17.0.9 with PID 10372 (C:\Users\svams\OneDrive\Desktop\april2024\april2024\target\classes started by svams in C:\Users\svams\OneDrive\Desktop\april2024\april2024)
2024-05-04T07:59:16.980+05:30  INFO 10372 --- [April2024] [main] c.e.april2024.April2024Application       : No active profile set, falling back to 1 default profile: "default"
2024-05-04T07:59:18.261+05:30  INFO 10372 --- [April2024] [main] .s.d.r.c.RepositoryConfigurationDelegate : Multiple Spring Data modules found, entering strict repository configuration mode
2024-05-04T07:59:18.265+05:30  INFO 10372 --- [April2024] [main] .s.d.r.c.RepositoryConfigurationDelegate : Bootstrapping Spring Data JPA repositories in DEFAULT mode.
2024-05-04T07:59:18.304+05:30  INFO 10372 --- [April2024] [main] .RepositoryConfigurationExtensionSupport : Spring Data JPA - Could not safely identify store assignment for repository candidate interface com.example.april2024.repository.CourseRespository; If you want this repository to be a JPA repository, consider annotating your entities with one of these annotations: jakarta.persistence.Entity, jakarta.persistence.MappedSuperclass (preferred), or consider extending one of the following types with your repository: org.springframework.data.jpa.repository.JpaRepository
2024-05-04T07:59:18.335+05:30  INFO 10372 --- [April2024] [main] .s.d.r.c.RepositoryConfigurationDelegate : Finished Spring Data repository scanning in 61 ms. Found 1 JPA repository interface.
2024-05-04T07:59:18.380+05:30  INFO 10372 --- [April2024] [main] .s.d.r.c.RepositoryConfigurationDelegate : Multiple Spring Data modules found, entering strict repository configuration mode
2024-05-04T07:59:18.380+05:30  INFO 10372 --- [April2024] [main] .s.d.r.c.RepositoryConfigurationDelegate : Bootstrapping Spring Data MongoDB repositories in DEFAULT mode.
2024-05-04T07:59:18.387+05:30  INFO 10372 --- [April2024] [main] .RepositoryConfigurationExtensionSupport : Spring Data MongoDB - Could not safely identify store assignment for repository candidate interface com.example.april2024.repository.StudentRepository; If you want this repository to be a MongoDB repository, consider annotating your entities with one of these annotations: org.springframework.data.mongodb.core.mapping.Document (preferred), or consider extending one of the following types with your repository: org.springframework.data.mongodb.repository.MongoRepository
2024-05-04T07:59:18.395+05:30  INFO 10372 --- [April2024] [main] .s.d.r.c.RepositoryConfigurationDelegate : Finished Spring Data repository scanning in 14 ms. Found 1 MongoDB repository interface.
2024-05-04T07:59:19.263+05:30  INFO 10372 --- [April2024] [main] o.s.b.w.embedded.tomcat.TomcatWebServer  : Tomcat initialized with port 2024 (http)
2024-05-04T07:59:19.279+05:30  INFO 10372 --- [April2024] [main] o.apache.catalina.core.StandardService   : Starting service [Tomcat]
2024-05-04T07:59:19.279+05:30  INFO 10372 --- [April2024] [main] o.apache.catalina.core.StandardEngine    : Starting Servlet engine: [Apache Tomcat/10.1.20]
2024-05-04T07:59:19.407+05:30  INFO 10372 --- [April2024] [main] o.a.c.c.C.[.[localhost].[/april2024]     : Initializing Spring embedded WebApplicationContext
2024-05-04T07:59:19.409+05:30  INFO 10372 --- [April2024] [main] w.s.c.ServletWebServerApplicationContext : Root WebApplicationContext: initialization completed in 2350 ms
2024-05-04T07:59:19.675+05:30  INFO 10372 --- [April2024] [main] com.zaxxer.hikari.HikariDataSource       : HikariPool-1 - Starting...
2024-05-04T07:59:19.884+05:30  INFO 10372 --- [April2024] [main] com.zaxxer.hikari.pool.HikariPool        : HikariPool-1 - Added connection org.postgresql.jdbc.PgConnection@50b93353
2024-05-04T07:59:19.887+05:30  INFO 10372 --- [April2024] [main] com.zaxxer.hikari.HikariDataSource       : HikariPool-1 - Start completed.
2024-05-04T07:59:19.947+05:30  INFO 10372 --- [April2024] [main] o.hibernate.jpa.internal.util.LogHelper  : HHH000204: Processing PersistenceUnitInfo [name: default]
2024-05-04T07:59:20.023+05:30  INFO 10372 --- [April2024] [main] org.hibernate.Version                    : HHH000412: Hibernate ORM core version 6.4.4.Final
2024-05-04T07:59:20.080+05:30  INFO 10372 --- [April2024] [main] o.h.c.internal.RegionFactoryInitiator    : HHH000026: Second-level cache disabled
2024-05-04T07:59:20.408+05:30  INFO 10372 --- [April2024] [main] o.s.o.j.p.SpringPersistenceUnitInfo      : No LoadTimeWeaver setup: ignoring JPA class transformer
2024-05-04T07:59:21.368+05:30  INFO 10372 --- [April2024] [main] o.h.e.t.j.p.i.JtaPlatformInitiator       : HHH000489: No JTA platform available (set 'hibernate.transaction.jta.platform' to enable JTA platform integration)
2024-05-04T07:59:21.370+05:30  INFO 10372 --- [April2024] [main] j.LocalContainerEntityManagerFactoryBean : Initialized JPA EntityManagerFactory for persistence unit 'default'
2024-05-04T07:59:21.616+05:30  INFO 10372 --- [April2024] [main] org.mongodb.driver.client                : MongoClient with metadata {"driver": {"name": "mongo-java-driver|sync|spring-boot", "version": "4.11.2"}, "os": {"type": "Windows", "name": "Windows 11", "architecture": "amd64", "version": "10.0"}, "platform": "Java/Oracle Corporation/17.0.9+11-LTS-201"} created with settings MongoClientSettings{readPreference=primary, writeConcern=WriteConcern{w=null, wTimeout=null ms, journal=null}, retryWrites=true, retryReads=true, readConcern=ReadConcern{level=null}, credential=null, transportSettings=null, streamFactoryFactory=null, commandListeners=[], codecRegistry=ProvidersCodecRegistry{codecProviders=[ValueCodecProvider{}, BsonValueCodecProvider{}, DBRefCodecProvider{}, DBObjectCodecProvider{}, DocumentCodecProvider{}, CollectionCodecProvider{}, IterableCodecProvider{}, MapCodecProvider{}, GeoJsonCodecProvider{}, GridFSFileCodecProvider{}, Jsr310CodecProvider{}, JsonObjectCodecProvider{}, BsonCodecProvider{}, EnumCodecProvider{}, com.mongodb.client.model.mql.ExpressionCodecProvider@6c8672b9, com.mongodb.Jep395RecordCodecProvider@dd77e0d, com.mongodb.KotlinCodecProvider@799cf32d]}, loggerSettings=LoggerSettings{maxDocumentLength=1000}, clusterSettings={hosts=[localhost:27017], srvServiceName=mongodb, mode=SINGLE, requiredClusterType=UNKNOWN, requiredReplicaSetName='null', serverSelector='null', clusterListeners='[]', serverSelectionTimeout='30000 ms', localThreshold='15 ms'}, socketSettings=SocketSettings{connectTimeoutMS=10000, readTimeoutMS=0, receiveBufferSize=0, proxySettings=ProxySettings{host=null, port=null, username=null, password=null}}, heartbeatSocketSettings=SocketSettings{connectTimeoutMS=10000, readTimeoutMS=10000, receiveBufferSize=0, proxySettings=ProxySettings{host=null, port=null, username=null, password=null}}, connectionPoolSettings=ConnectionPoolSettings{maxSize=100, minSize=0, maxWaitTimeMS=120000, maxConnectionLifeTimeMS=0, maxConnectionIdleTimeMS=0, maintenanceInitialDelayMS=0, maintenanceFrequencyMS=60000, connectionPoolListeners=[], maxConnecting=2}, serverSettings=ServerSettings{heartbeatFrequencyMS=10000, minHeartbeatFrequencyMS=500, serverListeners='[]', serverMonitorListeners='[]'}, sslSettings=SslSettings{enabled=false, invalidHostNameAllowed=false, context=null}, applicationName='null', compressorList=[], uuidRepresentation=JAVA_LEGACY, serverApi=null, autoEncryptionSettings=null, dnsClient=null, inetAddressResolver=null, contextProvider=null}
2024-05-04T07:59:21.635+05:30  INFO 10372 --- [April2024] [cluster-ClusterId{value='66359d8153e961252f677dfe', description='null'}-localhost:27017] org.mongodb.driver.cluster               : Monitor thread successfully connected to server with description ServerDescription{address=localhost:27017, type=STANDALONE, state=CONNECTED, ok=true, minWireVersion=0, maxWireVersion=13, maxDocumentSize=16777216, logicalSessionTimeoutMinutes=30, roundTripTimeNanos=27746500}
2024-05-04T07:59:22.499+05:30  WARN 10372 --- [April2024] [main] JpaBaseConfiguration$JpaWebConfiguration : spring.jpa.open-in-view is enabled by default. Therefore, database queries may be performed during view rendering. Explicitly configure spring.jpa.open-in-view to disable this warning
2024-05-04T07:59:23.186+05:30  INFO 10372 --- [April2024] [main] o.s.b.w.embedded.tomcat.TomcatWebServer  : Tomcat started on port 2024 (http) with context path '/april2024'
2024-05-04T07:59:23.201+05:30  INFO 10372 --- [April2024] [main] c.e.april2024.April2024Application       : Started April2024Application in 6.882 seconds (process running for 7.431)
2024-05-04T08:00:04.833+05:30  INFO 10372 --- [April2024] [http-nio-2024-exec-2] o.a.c.c.C.[.[localhost].[/april2024]     : Initializing Spring DispatcherServlet 'dispatcherServlet'
2024-05-04T08:00:04.834+05:30  INFO 10372 --- [April2024] [http-nio-2024-exec-2] o.s.web.servlet.DispatcherServlet        : Initializing Servlet 'dispatcherServlet'
2024-05-04T08:00:04.835+05:30  INFO 10372 --- [April2024] [http-nio-2024-exec-2] o.s.web.servlet.DispatcherServlet        : Completed initialization in 1 ms
2024-05-04T08:00:04.988+05:30 ERROR 10372 --- [April2024] [http-nio-2024-exec-2] c.e.a.controller.StudentController       : Student doesn't exist for the given rollno - 800, hence returning 400 response
2024-05-04T08:00:44.936+05:30  INFO 10372 --- [April2024] [http-nio-2024-exec-5] c.e.a.controller.StudentController       : Student exists for the provided rollno - 801
2024-05-04T08:01:33.999+05:30  INFO 10372 --- [April2024] [SpringApplicationShutdownHook] j.LocalContainerEntityManagerFactoryBean : Closing JPA EntityManagerFactory for persistence unit 'default'
2024-05-04T08:01:34.001+05:30  INFO 10372 --- [April2024] [SpringApplicationShutdownHook] com.zaxxer.hikari.HikariDataSource       : HikariPool-1 - Shutdown initiated...
2024-05-04T08:01:34.005+05:30  INFO 10372 --- [April2024] [SpringApplicationShutdownHook] com.zaxxer.hikari.HikariDataSource       : HikariPool-1 - Shutdown completed.
